ld	start	end
chr7_1_3000001.npz	1	2000001
chr7_1000001_4000001.npz	2000001	3000001
chr7_2000001_5000001.npz	3000001	4000001
chr7_3000001_6000001.npz	4000001	5000001
chr7_4000001_7000001.npz	5000001	6000001
chr7_5000001_8000001.npz	6000001	7000001
chr7_6000001_9000001.npz	7000001	8000001
chr7_7000001_10000001.npz	8000001	9000001
chr7_8000001_11000001.npz	9000001	10000001
chr7_9000001_12000001.npz	10000001	11000001
chr7_10000001_13000001.npz	11000001	12000001
chr7_11000001_14000001.npz	12000001	13000001
chr7_12000001_15000001.npz	13000001	14000001
chr7_13000001_16000001.npz	14000001	15000001
chr7_14000001_17000001.npz	15000001	16000001
chr7_15000001_18000001.npz	16000001	17000001
chr7_16000001_19000001.npz	17000001	18000001
chr7_17000001_20000001.npz	18000001	19000001
chr7_18000001_21000001.npz	19000001	20000001
chr7_19000001_22000001.npz	20000001	21000001
chr7_20000001_23000001.npz	21000001	22000001
chr7_21000001_24000001.npz	22000001	23000001
chr7_22000001_25000001.npz	23000001	24000001
chr7_23000001_26000001.npz	24000001	25000001
chr7_24000001_27000001.npz	25000001	26000001
chr7_25000001_28000001.npz	26000001	27000001
chr7_26000001_29000001.npz	27000001	28000001
chr7_27000001_30000001.npz	28000001	29000001
chr7_28000001_31000001.npz	29000001	30000001
chr7_29000001_32000001.npz	30000001	31000001
chr7_30000001_33000001.npz	31000001	32000001
chr7_31000001_34000001.npz	32000001	33000001
chr7_32000001_35000001.npz	33000001	34000001
chr7_33000001_36000001.npz	34000001	35000001
chr7_34000001_37000001.npz	35000001	36000001
chr7_35000001_38000001.npz	36000001	37000001
chr7_36000001_39000001.npz	37000001	38000001
chr7_37000001_40000001.npz	38000001	39000001
chr7_38000001_41000001.npz	39000001	40000001
chr7_39000001_42000001.npz	40000001	41000001
chr7_40000001_43000001.npz	41000001	42000001
chr7_41000001_44000001.npz	42000001	43000001
chr7_42000001_45000001.npz	43000001	44000001
chr7_43000001_46000001.npz	44000001	45000001
chr7_44000001_47000001.npz	45000001	46000001
chr7_45000001_48000001.npz	46000001	47000001
chr7_46000001_49000001.npz	47000001	48000001
chr7_47000001_50000001.npz	48000001	49000001
chr7_48000001_51000001.npz	49000001	50000001
chr7_49000001_52000001.npz	50000001	51000001
chr7_50000001_53000001.npz	51000001	52000001
chr7_51000001_54000001.npz	52000001	53000001
chr7_52000001_55000001.npz	53000001	54000001
chr7_53000001_56000001.npz	54000001	55000001
chr7_54000001_57000001.npz	55000001	56000001
chr7_55000001_58000001.npz	56000001	57000001
chr7_56000001_59000001.npz	57000001	58000001
chr7_57000001_60000001.npz	58000001	59000001
chr7_58000001_61000001.npz	59000001	60000001
chr7_59000001_62000001.npz	60000001	61000001
chr7_60000001_63000001.npz	61000001	62000001
chr7_61000001_64000001.npz	62000001	63000001
chr7_62000001_65000001.npz	63000001	64000001
chr7_63000001_66000001.npz	64000001	65000001
chr7_64000001_67000001.npz	65000001	66000001
chr7_65000001_68000001.npz	66000001	67000001
chr7_66000001_69000001.npz	67000001	68000001
chr7_67000001_70000001.npz	68000001	69000001
chr7_68000001_71000001.npz	69000001	70000001
chr7_69000001_72000001.npz	70000001	71000001
chr7_70000001_73000001.npz	71000001	72000001
chr7_71000001_74000001.npz	72000001	73000001
chr7_72000001_75000001.npz	73000001	74000001
chr7_73000001_76000001.npz	74000001	75000001
chr7_74000001_77000001.npz	75000001	76000001
chr7_75000001_78000001.npz	76000001	77000001
chr7_76000001_79000001.npz	77000001	78000001
chr7_77000001_80000001.npz	78000001	79000001
chr7_78000001_81000001.npz	79000001	80000001
chr7_79000001_82000001.npz	80000001	81000001
chr7_80000001_83000001.npz	81000001	82000001
chr7_81000001_84000001.npz	82000001	83000001
chr7_82000001_85000001.npz	83000001	84000001
chr7_83000001_86000001.npz	84000001	85000001
chr7_84000001_87000001.npz	85000001	86000001
chr7_85000001_88000001.npz	86000001	87000001
chr7_86000001_89000001.npz	87000001	88000001
chr7_87000001_90000001.npz	88000001	89000001
chr7_88000001_91000001.npz	89000001	90000001
chr7_89000001_92000001.npz	90000001	91000001
chr7_90000001_93000001.npz	91000001	92000001
chr7_91000001_94000001.npz	92000001	93000001
chr7_92000001_95000001.npz	93000001	94000001
chr7_93000001_96000001.npz	94000001	95000001
chr7_94000001_97000001.npz	95000001	96000001
chr7_95000001_98000001.npz	96000001	97000001
chr7_96000001_99000001.npz	97000001	98000001
chr7_97000001_100000001.npz	98000001	99000001
chr7_98000001_101000001.npz	99000001	100000001
chr7_99000001_102000001.npz	100000001	101000001
chr7_100000001_103000001.npz	101000001	102000001
chr7_101000001_104000001.npz	102000001	103000001
chr7_102000001_105000001.npz	103000001	104000001
chr7_103000001_106000001.npz	104000001	105000001
chr7_104000001_107000001.npz	105000001	106000001
chr7_105000001_108000001.npz	106000001	107000001
chr7_106000001_109000001.npz	107000001	108000001
chr7_107000001_110000001.npz	108000001	109000001
chr7_108000001_111000001.npz	109000001	110000001
chr7_109000001_112000001.npz	110000001	111000001
chr7_110000001_113000001.npz	111000001	112000001
chr7_111000001_114000001.npz	112000001	113000001
chr7_112000001_115000001.npz	113000001	114000001
chr7_113000001_116000001.npz	114000001	115000001
chr7_114000001_117000001.npz	115000001	116000001
chr7_115000001_118000001.npz	116000001	117000001
chr7_116000001_119000001.npz	117000001	118000001
chr7_117000001_120000001.npz	118000001	119000001
chr7_118000001_121000001.npz	119000001	120000001
chr7_119000001_122000001.npz	120000001	121000001
chr7_120000001_123000001.npz	121000001	122000001
chr7_121000001_124000001.npz	122000001	123000001
chr7_122000001_125000001.npz	123000001	124000001
chr7_123000001_126000001.npz	124000001	125000001
chr7_124000001_127000001.npz	125000001	126000001
chr7_125000001_128000001.npz	126000001	127000001
chr7_126000001_129000001.npz	127000001	128000001
chr7_127000001_130000001.npz	128000001	129000001
chr7_128000001_131000001.npz	129000001	130000001
chr7_129000001_132000001.npz	130000001	131000001
chr7_130000001_133000001.npz	131000001	132000001
chr7_131000001_134000001.npz	132000001	133000001
chr7_132000001_135000001.npz	133000001	134000001
chr7_133000001_136000001.npz	134000001	135000001
chr7_134000001_137000001.npz	135000001	136000001
chr7_135000001_138000001.npz	136000001	137000001
chr7_136000001_139000001.npz	137000001	138000001
chr7_137000001_140000001.npz	138000001	139000001
chr7_138000001_141000001.npz	139000001	140000001
chr7_139000001_142000001.npz	140000001	141000001
chr7_140000001_143000001.npz	141000001	142000001
chr7_141000001_144000001.npz	142000001	143000001
chr7_142000001_145000001.npz	143000001	144000001
chr7_143000001_146000001.npz	144000001	145000001
chr7_144000001_147000001.npz	145000001	146000001
chr7_145000001_148000001.npz	146000001	147000001
chr7_146000001_149000001.npz	147000001	148000001
chr7_147000001_150000001.npz	148000001	149000001
chr7_148000001_151000001.npz	149000001	150000001
chr7_149000001_152000001.npz	150000001	151000001
chr7_150000001_153000001.npz	151000001	152000001
chr7_151000001_154000001.npz	152000001	153000001
chr7_152000001_155000001.npz	153000001	154000001
chr7_153000001_156000001.npz	154000001	155000001
chr7_154000001_157000001.npz	155000001	156000001
chr7_155000001_158000001.npz	156000001	157000001
chr7_156000001_159000001.npz	157000001	158000001
chr7_157000001_160000001.npz	158000001	159000001
chr7_158000001_161000001.npz	159000001	160000001
chr7_159000001_162000001.npz	160000001	162000001
